=== DAILY SNAPSHOT START ===
Sessione Beddy caricata correttamente.
Pagina pronta. URL corrente: https://app.beddy.io/tableau?start=2026-05-06
URL finale reader: https://app.beddy.io/tableau?start=2026-05-06
TITOLO PAGINA: Tableau | Beddy
TARGET DATE ISO: 2026-05-06
TARGET DAY: 6
TARGET CHECK-IN RAW: 06 MAY 2026
HEADER TROVATI NEL TABLEAU:
2: MAGGIO 2026
3: GIUGNO 2026 Avanti
5: 6 ME
6: 7 GI
7: 8 VE
8: 9 SA
9: 10 DO
10: 11 LU
11: 12 MA
12: 13 ME
13: 14 GI
14: 15 VE
15: 16 SA
16: 17 DO
17: 18 LU
18: 19 MA
19: 20 ME
20: 21 GI
21: 22 VE
22: 23 SA
23: 24 DO
24: 25 LU
25: 26 MA
26: 27 ME
27: 28 GI
28: 29 VE
29: 30 SA
30: 31 DO
31: 1 LU
32: 2 MA
33: 3 ME
34: 4 GI
35: 5 VE
36: 6 SA
37: 7 DO
38: 8 LU
39: 9 MA
40: 10 ME
41: 11 GI
42: 12 VE
43: 13 SA
44: 14 DO
45: 15 LU
HEADER GIORNI TROVATI NEL TABLEAU:
1: 6 ME
2: 7 GI
3: 8 VE
4: 9 SA
5: 10 DO
6: 11 LU
7: 12 MA
8: 13 ME
9: 14 GI
10: 15 VE
11: 16 SA
12: 17 DO
13: 18 LU
14: 19 MA
15: 20 ME
16: 21 GI
17: 22 VE
18: 23 SA
19: 24 DO
20: 25 LU
21: 26 MA
22: 27 ME
23: 28 GI
24: 29 VE
25: 30 SA
26: 31 DO
27: 1 LU
28: 2 MA
29: 3 ME
30: 4 GI
31: 5 VE
32: 6 SA
33: 7 DO
34: 8 LU
35: 9 MA
36: 10 ME
37: 11 GI
38: 12 VE
39: 13 SA
40: 14 DO
41: 15 LU
HEADER TARGET TROVATO: index=0
BOX PRENOTAZIONE VISIBILI: 61
RANGE X GIORNO 6: 465 -> 501
BOX START DAY 6: index=1 name='KNESE LARS'
BOX START DAY 6: index=11 name='BATS NATHALIE'
BOX START DAY 6: index=24 name='DUPUIS MARIE-ODILE'
BOX START DAY 6: index=31 name='VENANZI DAMIANO'
BOX START DAY 6: index=41 name='HASANOVIC EMINA'
TOTALE BOX CHE INIZIANO IL GIORNO 6: 5

=== BOX 1/5 DEL GIORNO 6 ===
BOX TARGET: KNESE LARS (index=1)
BOOKING RACCOLTA: {'booking_id': '5391926460', 'guest_name': 'LARS KNESE', 'accommodation_type': 'Camera Matrimoniale con vista panoramica', 'room_number': '1', 'checkin_date': '06 MAG 2026', 'checkout_date': '14 MAG 2026', 'country_raw': 'ITALIA', 'booking_status_raw': 'Confermata', 'beddy_notes': ''}

=== BOX 2/5 DEL GIORNO 6 ===
BOX TARGET: BATS NATHALIE (index=11)
BOOKING RACCOLTA: {'booking_id': '6773230737', 'guest_name': 'Nathalie Bats', 'accommodation_type': 'Camera Matrimoniale con vista panoramica', 'room_number': '2', 'checkin_date': '06 MAG 2026', 'checkout_date': '08 MAG 2026', 'country_raw': 'FRANCIA', 'booking_status_raw': 'Confermata', 'beddy_notes': ''}

=== BOX 3/5 DEL GIORNO 6 ===
BOX TARGET: DUPUIS MARIE-ODILE (index=24)
BOOKING RACCOLTA: {'booking_id': '6633661337', 'guest_name': 'Marie Odile Dupuis', 'accommodation_type': 'Camera Matrimoniale con vista panoramica', 'room_number': '3', 'checkin_date': '06 MAG 2026', 'checkout_date': '09 MAG 2026', 'country_raw': 'FRANCIA', 'booking_status_raw': 'Confermata', 'beddy_notes': ''}

=== BOX 4/5 DEL GIORNO 6 ===
BOX TARGET: VENANZI DAMIANO (index=31)
BOOKING RACCOLTA: {'booking_id': '5106131365', 'guest_name': 'DAMIANO VENANZI', 'accommodation_type': 'Camera Matrimoniale con vista panoramica', 'room_number': '4', 'checkin_date': '05 MAG 2026', 'checkout_date': '07 MAG 2026', 'country_raw': 'ITALIA', 'booking_status_raw': 'Confermata', 'beddy_notes': ''}

=== BOX 5/5 DEL GIORNO 6 ===
BOX TARGET: HASANOVIC EMINA (index=41)
BOOKING RACCOLTA: {'booking_id': '6245115706', 'guest_name': 'Emina Hasanovic', 'accommodation_type': 'Appartamento Vite', 'room_number': '5', 'checkin_date': '06 MAG 2026', 'checkout_date': '09 MAG 2026', 'country_raw': 'PAESI BASSI', 'booking_status_raw': 'Confermata', 'beddy_notes': ''}
Sessione Beddy caricata correttamente.
Sessione non valida o assente. Avvio login Beddy con OTP email automatica.
Baseline inbox message id: 1373

--- NUOVA MAIL CANDIDATA ---
msg_id: 1374
from: beddy <no-reply@beddy.io>
subject: Il tuo pin di accesso per Beddy
subject_ok: True
from_ok: True
BODY ESTRATTO:
Il tuo pin di accesso per Beddy
Gentile Ste San Felicissimo, questo è il pin da te richiesto per confermare l'accesso al tuo account di Beddy: 288940 Il tuo pin scadrà alle 15:21 support@beddy.io | +39 095 7167027 | app.beddy.io | Facebook | Youtube Copyright &copy; 2026 Beddy. All rights reserved
otp_code estratto: 288940
OTP recuperato automaticamente da Gmail: 288940
URL durante attesa login OTP: https://app.beddy.io/tableau?start=2026-05-07
Login completato e sessione aggiornata.
Pagina pronta. URL corrente: https://app.beddy.io/tableau?start=2026-05-07
URL finale reader: https://app.beddy.io/tableau?start=2026-05-07
TITOLO PAGINA: Tableau | Beddy
TARGET DATE ISO: 2026-05-07
TARGET DAY: 7
TARGET CHECK-IN RAW: 07 MAY 2026
HEADER TROVATI NEL TABLEAU:
2: MAGGIO 2026
3: GIUGNO 2026 Avanti
5: 7 GI
6: 8 VE
7: 9 SA
8: 10 DO
9: 11 LU
10: 12 MA
11: 13 ME
12: 14 GI
13: 15 VE
14: 16 SA
15: 17 DO
16: 18 LU
17: 19 MA
18: 20 ME
19: 21 GI
20: 22 VE
21: 23 SA
22: 24 DO
23: 25 LU
24: 26 MA
25: 27 ME
26: 28 GI
27: 29 VE
28: 30 SA
29: 31 DO
30: 1 LU
31: 2 MA
32: 3 ME
33: 4 GI
34: 5 VE
35: 6 SA
36: 7 DO
37: 8 LU
38: 9 MA
39: 10 ME
40: 11 GI
41: 12 VE
42: 13 SA
43: 14 DO
44: 15 LU
45: 16 MA
HEADER GIORNI TROVATI NEL TABLEAU:
1: 7 GI
2: 8 VE
3: 9 SA
4: 10 DO
5: 11 LU
6: 12 MA
7: 13 ME
8: 14 GI
9: 15 VE
10: 16 SA
11: 17 DO
12: 18 LU
13: 19 MA
14: 20 ME
15: 21 GI
16: 22 VE
17: 23 SA
18: 24 DO
19: 25 LU
20: 26 MA
21: 27 ME
22: 28 GI
23: 29 VE
24: 30 SA
25: 31 DO
26: 1 LU
27: 2 MA
28: 3 ME
29: 4 GI
30: 5 VE
31: 6 SA
32: 7 DO
33: 8 LU
34: 9 MA
35: 10 ME
36: 11 GI
37: 12 VE
38: 13 SA
39: 14 DO
40: 15 LU
41: 16 MA
HEADER TARGET TROVATO: index=0
BOX PRENOTAZIONE VISIBILI: 60
RANGE X GIORNO 7: 465 -> 501
BOX START DAY 7: index=1 name='KNESE LARS'
BOX START DAY 7: index=11 name='BATS NATHALIE'
BOX START DAY 7: index=24 name='DUPUIS MARIE-ODILE'
BOX START DAY 7: index=40 name='HASANOVIC EMINA'
TOTALE BOX CHE INIZIANO IL GIORNO 7: 4

=== BOX 1/4 DEL GIORNO 7 ===
BOX TARGET: KNESE LARS (index=1)
BOOKING RACCOLTA: {'booking_id': '5391926460', 'guest_name': 'LARS KNESE', 'accommodation_type': 'Camera Matrimoniale con vista panoramica', 'room_number': '1', 'checkin_date': '06 MAG 2026', 'checkout_date': '14 MAG 2026', 'country_raw': 'ITALIA', 'booking_status_raw': 'Confermata', 'beddy_notes': ''}

=== BOX 2/4 DEL GIORNO 7 ===
BOX TARGET: BATS NATHALIE (index=11)
BOOKING RACCOLTA: {'booking_id': '6773230737', 'guest_name': 'Nathalie Bats', 'accommodation_type': 'Camera Matrimoniale con vista panoramica', 'room_number': '2', 'checkin_date': '06 MAG 2026', 'checkout_date': '08 MAG 2026', 'country_raw': 'FRANCIA', 'booking_status_raw': 'Confermata', 'beddy_notes': ''}

=== BOX 3/4 DEL GIORNO 7 ===
BOX TARGET: DUPUIS MARIE-ODILE (index=24)
BOOKING RACCOLTA: {'booking_id': '6633661337', 'guest_name': 'Marie Odile Dupuis', 'accommodation_type': 'Camera Matrimoniale con vista panoramica', 'room_number': '3', 'checkin_date': '06 MAG 2026', 'checkout_date': '09 MAG 2026', 'country_raw': 'FRANCIA', 'booking_status_raw': 'Confermata', 'beddy_notes': ''}

=== BOX 4/4 DEL GIORNO 7 ===
BOX TARGET: HASANOVIC EMINA (index=40)
BOOKING RACCOLTA: {'booking_id': '6245115706', 'guest_name': 'Emina Hasanovic', 'accommodation_type': 'Appartamento Vite', 'room_number': '5', 'checkin_date': '06 MAG 2026', 'checkout_date': '09 MAG 2026', 'country_raw': 'PAESI BASSI', 'booking_status_raw': 'Confermata', 'beddy_notes': ''}
daily.json aggiornato correttamente: /Users/ste111/AI_SYSTEMS/San_Felicissimo/Housekeeping_Hub/data/daily.json
=== GIT PUSH START ===
[main bc3d4a8] auto daily snapshot 2026-05-06 15:02:29
 Committer: Ste <ste111@Macmini.station>
Your name and email address were configured automatically based
on your username and hostname. Please check that they are accurate.
You can suppress this message by setting them explicitly. Run the
following command and follow the instructions in your editor to edit
your configuration file:

    git config --global --edit

After doing this, you may fix the identity used for this commit with:

    git commit --amend --reset-author

 7 files changed, 293 insertions(+), 3 deletions(-)
 create mode 100644 logs/cron_daily.log
fatal: could not read Username for 'https://github.com': Device not configured
=== DONE ===
=== DAILY SNAPSHOT START ===
Sessione Beddy caricata correttamente.
Sessione non valida o assente. Avvio login Beddy con OTP email automatica.
Baseline inbox message id: 1383

--- NUOVA MAIL CANDIDATA ---
msg_id: 1384
from: beddy <no-reply@beddy.io>
subject: Il tuo pin di accesso per Beddy
subject_ok: True
from_ok: True
BODY ESTRATTO:
Il tuo pin di accesso per Beddy
Gentile Ste San Felicissimo, questo è il pin da te richiesto per confermare l'accesso al tuo account di Beddy: 609829 Il tuo pin scadrà alle 15:20 support@beddy.io | +39 095 7167027 | app.beddy.io | Facebook | Youtube Copyright &copy; 2026 Beddy. All rights reserved
otp_code estratto: 609829
OTP recuperato automaticamente da Gmail: 609829
URL durante attesa login OTP: https://app.beddy.io/tableau?start=2026-05-07
Login completato e sessione aggiornata.
Pagina pronta. URL corrente: https://app.beddy.io/tableau?start=2026-05-07
URL finale reader: https://app.beddy.io/tableau?start=2026-05-07
TITOLO PAGINA: Tableau | Beddy
TARGET DATE ISO: 2026-05-07
TARGET DAY: 7
TARGET CHECK-IN RAW: 07 MAY 2026
HEADER TROVATI NEL TABLEAU:
2: MAGGIO 2026
3: GIUGNO 2026 Avanti
5: 7 GI
6: 8 VE
7: 9 SA
8: 10 DO
9: 11 LU
10: 12 MA
11: 13 ME
12: 14 GI
13: 15 VE
14: 16 SA
15: 17 DO
16: 18 LU
17: 19 MA
18: 20 ME
19: 21 GI
20: 22 VE
21: 23 SA
22: 24 DO
23: 25 LU
24: 26 MA
25: 27 ME
26: 28 GI
27: 29 VE
28: 30 SA
29: 31 DO
30: 1 LU
31: 2 MA
32: 3 ME
33: 4 GI
34: 5 VE
35: 6 SA
36: 7 DO
37: 8 LU
38: 9 MA
39: 10 ME
40: 11 GI
41: 12 VE
42: 13 SA
43: 14 DO
44: 15 LU
45: 16 MA
HEADER GIORNI TROVATI NEL TABLEAU:
1: 7 GI
2: 8 VE
3: 9 SA
4: 10 DO
5: 11 LU
6: 12 MA
7: 13 ME
8: 14 GI
9: 15 VE
10: 16 SA
11: 17 DO
12: 18 LU
13: 19 MA
14: 20 ME
15: 21 GI
16: 22 VE
17: 23 SA
18: 24 DO
19: 25 LU
20: 26 MA
21: 27 ME
22: 28 GI
23: 29 VE
24: 30 SA
25: 31 DO
26: 1 LU
27: 2 MA
28: 3 ME
29: 4 GI
30: 5 VE
31: 6 SA
32: 7 DO
33: 8 LU
34: 9 MA
35: 10 ME
36: 11 GI
37: 12 VE
38: 13 SA
39: 14 DO
40: 15 LU
41: 16 MA
HEADER TARGET TROVATO: index=0
BOX PRENOTAZIONE VISIBILI: 61
RANGE X GIORNO 7: 465 -> 501
BOX START DAY 7: index=1 name='KNESE LARS'
BOX START DAY 7: index=11 name='BATS NATHALIE'
BOX START DAY 7: index=24 name='DAVIOUD MARIE ODIL'
BOX START DAY 7: index=40 name='HASANOVIC EMINW'
BOX START DAY 7: index=49 name='VENANZI DAMIANO'
TOTALE BOX CHE INIZIANO IL GIORNO 7: 5

=== BOX 1/5 DEL GIORNO 7 ===
BOX TARGET: KNESE LARS (index=1)
BOOKING RACCOLTA: {'booking_id': '5391926460', 'guest_name': 'LARS KNESE', 'accommodation_type': 'Camera Matrimoniale con vista panoramica', 'room_number': '1', 'checkin_date': '06 MAG 2026', 'checkout_date': '14 MAG 2026', 'country_raw': 'ITALIA', 'booking_status_raw': 'Confermata', 'beddy_notes': ''}

=== BOX 2/5 DEL GIORNO 7 ===
BOX TARGET: BATS NATHALIE (index=11)
BOOKING RACCOLTA: {'booking_id': '6773230737', 'guest_name': 'Nathalie Bats', 'accommodation_type': 'Camera Matrimoniale con vista panoramica', 'room_number': '2', 'checkin_date': '06 MAG 2026', 'checkout_date': '08 MAG 2026', 'country_raw': 'FRANCIA', 'booking_status_raw': 'Confermata', 'beddy_notes': ''}

=== BOX 3/5 DEL GIORNO 7 ===
BOX TARGET: DAVIOUD MARIE ODIL (index=24)
BOOKING RACCOLTA: {'booking_id': '6633661337', 'guest_name': 'Marie Odil DAVIOUD', 'accommodation_type': 'Camera Matrimoniale con vista panoramica', 'room_number': '3', 'checkin_date': '06 MAG 2026', 'checkout_date': '09 MAG 2026', 'country_raw': 'FRANCIA', 'booking_status_raw': 'Confermata', 'beddy_notes': ''}

=== BOX 4/5 DEL GIORNO 7 ===
BOX TARGET: HASANOVIC EMINW (index=40)
BOOKING RACCOLTA: {'booking_id': '6245115706', 'guest_name': 'Eminw Hasanovic', 'accommodation_type': 'Appartamento Vite', 'room_number': '5', 'checkin_date': '06 MAG 2026', 'checkout_date': '09 MAG 2026', 'country_raw': 'PAESI BASSI', 'booking_status_raw': 'Confermata', 'beddy_notes': ''}

=== BOX 5/5 DEL GIORNO 7 ===
BOX TARGET: VENANZI DAMIANO (index=49)
WARNING: telefono mancante nella pagina prenotazione
BOOKING_ID: 9046324
GUEST_NAME: DAMIANO VENANZI
PAGE_URL: https://app.beddy.io/reservation/9046324?roomReservationId=90463249cbe777f2465119e61c0f5354f66eb91
BOOKING RACCOLTA: {'booking_id': '9046324', 'guest_name': 'DAMIANO VENANZI', 'accommodation_type': 'Appartamento Ulivo', 'room_number': '6', 'checkin_date': '07 MAG 2026', 'checkout_date': '08 MAG 2026', 'country_raw': 'ITALIA', 'booking_status_raw': 'Confermata', 'beddy_notes': ''}
Sessione Beddy caricata correttamente.
Pagina pronta. URL corrente: https://app.beddy.io/tableau?start=2026-05-08
URL finale reader: https://app.beddy.io/tableau?start=2026-05-08
TITOLO PAGINA: Tableau | Beddy
TARGET DATE ISO: 2026-05-08
TARGET DAY: 8
TARGET CHECK-IN RAW: 08 MAY 2026
HEADER TROVATI NEL TABLEAU:
2: MAGGIO 2026
3: GIUGNO 2026 Avanti
5: 8 VE
6: 9 SA
7: 10 DO
8: 11 LU
9: 12 MA
10: 13 ME
11: 14 GI
12: 15 VE
13: 16 SA
14: 17 DO
15: 18 LU
16: 19 MA
17: 20 ME
18: 21 GI
19: 22 VE
20: 23 SA
21: 24 DO
22: 25 LU
23: 26 MA
24: 27 ME
25: 28 GI
26: 29 VE
27: 30 SA
28: 31 DO
29: 1 LU
30: 2 MA
31: 3 ME
32: 4 GI
33: 5 VE
34: 6 SA
35: 7 DO
36: 8 LU
37: 9 MA
38: 10 ME
39: 11 GI
40: 12 VE
41: 13 SA
42: 14 DO
43: 15 LU
44: 16 MA
45: 17 ME
HEADER GIORNI TROVATI NEL TABLEAU:
1: 8 VE
2: 9 SA
3: 10 DO
4: 11 LU
5: 12 MA
6: 13 ME
7: 14 GI
8: 15 VE
9: 16 SA
10: 17 DO
11: 18 LU
12: 19 MA
13: 20 ME
14: 21 GI
15: 22 VE
16: 23 SA
17: 24 DO
18: 25 LU
19: 26 MA
20: 27 ME
21: 28 GI
22: 29 VE
23: 30 SA
24: 31 DO
25: 1 LU
26: 2 MA
27: 3 ME
28: 4 GI
29: 5 VE
30: 6 SA
31: 7 DO
32: 8 LU
33: 9 MA
34: 10 ME
35: 11 GI
36: 12 VE
37: 13 SA
38: 14 DO
39: 15 LU
40: 16 MA
41: 17 ME
HEADER TARGET TROVATO: index=0
BOX PRENOTAZIONE VISIBILI: 60
RANGE X GIORNO 8: 465 -> 501
BOX START DAY 8: index=1 name='KNESE LARS'
BOX START DAY 8: index=11 name='CANTONI GIORGIS'
BOX START DAY 8: index=23 name='DAVIOUD MARIE ODIL'
BOX START DAY 8: index=31 name='SCOTTI LARA'
BOX START DAY 8: index=40 name='HASANOVIC EMINW'
BOX START DAY 8: index=55 name='ROUYER MATHIEU'
TOTALE BOX CHE INIZIANO IL GIORNO 8: 6

=== BOX 1/6 DEL GIORNO 8 ===
BOX TARGET: KNESE LARS (index=1)
BOOKING RACCOLTA: {'booking_id': '5391926460', 'guest_name': 'LARS KNESE', 'accommodation_type': 'Camera Matrimoniale con vista panoramica', 'room_number': '1', 'checkin_date': '06 MAG 2026', 'checkout_date': '14 MAG 2026', 'country_raw': 'ITALIA', 'booking_status_raw': 'Confermata', 'beddy_notes': ''}

=== BOX 2/6 DEL GIORNO 8 ===
BOX TARGET: CANTONI GIORGIS (index=11)
WARNING: provenienza mancante nella pagina prenotazione
BOOKING_ID: 8026942
GUEST_NAME: Giorgis Cantoni
ORIGIN_LABEL_RAW: ''
ORIGIN_COUNTRY_RAW: ''
PAGE_URL: https://app.beddy.io/reservation/8026942?roomReservationId=8026942b9e487f2eb7647ba466013c3754c3c5f
BOOKING RACCOLTA: {'booking_id': '8026942', 'guest_name': 'Giorgis Cantoni', 'accommodation_type': 'Camera Matrimoniale con vista panoramica', 'room_number': '2', 'checkin_date': '08 MAG 2026', 'checkout_date': '10 MAG 2026', 'country_raw': '', 'booking_status_raw': 'Confermata', 'beddy_notes': ''}

=== BOX 3/6 DEL GIORNO 8 ===
BOX TARGET: DAVIOUD MARIE ODIL (index=23)
BOOKING RACCOLTA: {'booking_id': '6633661337', 'guest_name': 'Marie Odil DAVIOUD', 'accommodation_type': 'Camera Matrimoniale con vista panoramica', 'room_number': '3', 'checkin_date': '06 MAG 2026', 'checkout_date': '09 MAG 2026', 'country_raw': 'FRANCIA', 'booking_status_raw': 'Confermata', 'beddy_notes': ''}

=== BOX 4/6 DEL GIORNO 8 ===
BOX TARGET: SCOTTI LARA (index=31)
BOOKING RACCOLTA: {'booking_id': '6855082455', 'guest_name': 'Lara Scotti', 'accommodation_type': 'Camera Matrimoniale con vista panoramica', 'room_number': '4', 'checkin_date': '08 MAG 2026', 'checkout_date': '10 MAG 2026', 'country_raw': 'ITALIA', 'booking_status_raw': 'Confermata', 'beddy_notes': ''}

=== BOX 5/6 DEL GIORNO 8 ===
BOX TARGET: HASANOVIC EMINW (index=40)
BOOKING RACCOLTA: {'booking_id': '6245115706', 'guest_name': 'Eminw Hasanovic', 'accommodation_type': 'Appartamento Vite', 'room_number': '5', 'checkin_date': '06 MAG 2026', 'checkout_date': '09 MAG 2026', 'country_raw': 'PAESI BASSI', 'booking_status_raw': 'Confermata', 'beddy_notes': ''}

=== BOX 6/6 DEL GIORNO 8 ===
BOX TARGET: ROUYER MATHIEU (index=55)
BOOKING RACCOLTA: {'booking_id': '8370084', 'guest_name': 'Mathieu Rouyer', 'accommodation_type': 'Appartamento Cipresso', 'room_number': '7', 'checkin_date': '08 MAG 2026', 'checkout_date': '10 MAG 2026', 'country_raw': 'FRANCIA', 'booking_status_raw': 'Confermata', 'beddy_notes': 'Culla'}
daily.json aggiornato correttamente: /Users/ste111/AI_SYSTEMS/San_Felicissimo/Housekeeping_Hub/data/daily.json
=== GIT PUSH START ===
[main 439221a] auto daily snapshot 2026-05-07 15:02:44
 Committer: Ste <ste111@Macmini.station>
Your name and email address were configured automatically based
on your username and hostname. Please check that they are accurate.
You can suppress this message by setting them explicitly. Run the
following command and follow the instructions in your editor to edit
your configuration file:

    git config --global --edit

After doing this, you may fix the identity used for this commit with:

    git commit --amend --reset-author

 5 files changed, 310 insertions(+), 14 deletions(-)
fatal: could not read Username for 'https://github.com': Device not configured
=== DONE ===
=== DAILY SNAPSHOT START ===
Sessione Beddy caricata correttamente.
Pagina pronta. URL corrente: https://app.beddy.io/
URL finale reader: https://app.beddy.io/
TITOLO PAGINA: Beddy
TARGET DATE ISO: 2026-05-08
TARGET DAY: 8
TARGET CHECK-IN RAW: 08 MAY 2026
HEADER TROVATI NEL TABLEAU:
HEADER GIORNI TROVATI NEL TABLEAU:
ERRORE: nessuna colonna trovata per il giorno 8
Sessione Beddy caricata correttamente.
Sessione non valida o assente. Avvio login Beddy con OTP email automatica.
Baseline inbox message id: 2441

--- NUOVA MAIL CANDIDATA ---
msg_id: 2442
from: beddy <no-reply@beddy.io>
subject: Il tuo pin di accesso per Beddy
subject_ok: True
from_ok: True
BODY ESTRATTO:
Il tuo pin di accesso per Beddy
Gentile Ste San Felicissimo, questo è il pin da te richiesto per confermare l'accesso al tuo account di Beddy: 438065 Il tuo pin scadrà alle 15:20 support@beddy.io | +39 095 7167027 | app.beddy.io | Facebook | Youtube Copyright &copy; 2026 Beddy. All rights reserved
otp_code estratto: 438065
OTP recuperato automaticamente da Gmail: 438065
URL durante attesa login OTP: https://app.beddy.io/tableau?start=2026-05-09
Login completato e sessione aggiornata.
Pagina pronta. URL corrente: https://app.beddy.io/tableau?start=2026-05-09
URL finale reader: https://app.beddy.io/tableau?start=2026-05-09
TITOLO PAGINA: Tableau | Beddy
TARGET DATE ISO: 2026-05-09
TARGET DAY: 9
TARGET CHECK-IN RAW: 09 MAY 2026
HEADER TROVATI NEL TABLEAU:
2: MAGGIO 2026
3: GIUGNO 2026 Avanti
5: 9 SA
6: 10 DO
7: 11 LU
8: 12 MA
9: 13 ME
10: 14 GI
11: 15 VE
12: 16 SA
13: 17 DO
14: 18 LU
15: 19 MA
16: 20 ME
17: 21 GI
18: 22 VE
19: 23 SA
20: 24 DO
21: 25 LU
22: 26 MA
23: 27 ME
24: 28 GI
25: 29 VE
26: 30 SA
27: 31 DO
28: 1 LU
29: 2 MA
30: 3 ME
31: 4 GI
32: 5 VE
33: 6 SA
34: 7 DO
35: 8 LU
36: 9 MA
37: 10 ME
38: 11 GI
39: 12 VE
40: 13 SA
41: 14 DO
42: 15 LU
43: 16 MA
44: 17 ME
45: 18 GI
HEADER GIORNI TROVATI NEL TABLEAU:
1: 9 SA
2: 10 DO
3: 11 LU
4: 12 MA
5: 13 ME
6: 14 GI
7: 15 VE
8: 16 SA
9: 17 DO
10: 18 LU
11: 19 MA
12: 20 ME
13: 21 GI
14: 22 VE
15: 23 SA
16: 24 DO
17: 25 LU
18: 26 MA
19: 27 ME
20: 28 GI
21: 29 VE
22: 30 SA
23: 31 DO
24: 1 LU
25: 2 MA
26: 3 ME
27: 4 GI
28: 5 VE
29: 6 SA
30: 7 DO
31: 8 LU
32: 9 MA
33: 10 ME
34: 11 GI
35: 12 VE
36: 13 SA
37: 14 DO
38: 15 LU
39: 16 MA
40: 17 ME
41: 18 GI
HEADER TARGET TROVATO: index=0
BOX PRENOTAZIONE VISIBILI: 62
RANGE X GIORNO 9: 465 -> 501
BOX START DAY 9: index=1 name='KNESE LARS'
BOX START DAY 9: index=12 name='CANTONI GIORGIS'
BOX START DAY 9: index=25 name='KURTH FLORIAN'
BOX START DAY 9: index=32 name='SCOTTI LARA'
BOX START DAY 9: index=56 name='ROUYER MATHIEU'
TOTALE BOX CHE INIZIANO IL GIORNO 9: 5

=== BOX 1/5 DEL GIORNO 9 ===
BOX TARGET: KNESE LARS (index=1)
BOOKING RACCOLTA: {'booking_id': '5391926460', 'guest_name': 'LARS KNESE', 'accommodation_type': 'Camera Matrimoniale con vista panoramica', 'room_number': '1', 'checkin_date': '06 MAG 2026', 'checkout_date': '14 MAG 2026', 'country_raw': 'ITALIA', 'booking_status_raw': 'Confermata', 'beddy_notes': ''}

=== BOX 2/5 DEL GIORNO 9 ===
BOX TARGET: CANTONI GIORGIS (index=12)
WARNING: provenienza mancante nella pagina prenotazione
BOOKING_ID: 8026942
GUEST_NAME: Giorgis Cantoni
ORIGIN_LABEL_RAW: ''
ORIGIN_COUNTRY_RAW: ''
PAGE_URL: https://app.beddy.io/reservation/8026942?roomReservationId=8026942b9e487f2eb7647ba466013c3754c3c5f
BOOKING RACCOLTA: {'booking_id': '8026942', 'guest_name': 'Giorgis Cantoni', 'accommodation_type': 'Camera Matrimoniale con vista panoramica', 'room_number': '2', 'checkin_date': '08 MAG 2026', 'checkout_date': '10 MAG 2026', 'country_raw': '', 'booking_status_raw': 'Confermata', 'beddy_notes': ''}

=== BOX 3/5 DEL GIORNO 9 ===
BOX TARGET: KURTH FLORIAN (index=25)
BOOKING RACCOLTA: {'booking_id': '5068115622', 'guest_name': 'Florian Kurth', 'accommodation_type': 'Camera Matrimoniale con vista panoramica', 'room_number': '3', 'checkin_date': '09 MAG 2026', 'checkout_date': '18 MAG 2026', 'country_raw': 'GERMANIA', 'booking_status_raw': 'Confermata', 'beddy_notes': ''}

=== BOX 4/5 DEL GIORNO 9 ===
BOX TARGET: SCOTTI LARA (index=32)
BOOKING RACCOLTA: {'booking_id': '6855082455', 'guest_name': 'Lara Scotti', 'accommodation_type': 'Camera Matrimoniale con vista panoramica', 'room_number': '4', 'checkin_date': '08 MAG 2026', 'checkout_date': '10 MAG 2026', 'country_raw': 'ITALIA', 'booking_status_raw': 'Confermata', 'beddy_notes': ''}

=== BOX 5/5 DEL GIORNO 9 ===
BOX TARGET: ROUYER MATHIEU (index=56)
BOOKING RACCOLTA: {'booking_id': '8370084', 'guest_name': 'Mathieu Rouyer', 'accommodation_type': 'Appartamento Cipresso', 'room_number': '7', 'checkin_date': '08 MAG 2026', 'checkout_date': '10 MAG 2026', 'country_raw': 'FRANCIA', 'booking_status_raw': 'Confermata', 'beddy_notes': 'Culla'}
daily.json aggiornato correttamente: /Users/ste111/AI_SYSTEMS/San_Felicissimo/Housekeeping_Hub/data/daily.json
=== GIT PUSH START ===
[main ffd3048] auto daily snapshot 2026-05-08 15:02:05
 Committer: Ste <ste111@Macmini.station>
Your name and email address were configured automatically based
on your username and hostname. Please check that they are accurate.
You can suppress this message by setting them explicitly. Run the
following command and follow the instructions in your editor to edit
your configuration file:

    git config --global --edit

After doing this, you may fix the identity used for this commit with:

    git commit --amend --reset-author

 5 files changed, 186 insertions(+), 12 deletions(-)
To github.com:steai111/Housekeeping_Hub.git
   439221a..ffd3048  main -> main
=== DONE ===
=== DAILY SNAPSHOT START ===
Sessione Beddy caricata correttamente.
Sessione non valida o assente. Avvio login Beddy con OTP email automatica.
Baseline inbox message id: 2445

--- NUOVA MAIL CANDIDATA ---
msg_id: 2446
from: beddy <no-reply@beddy.io>
subject: Il tuo pin di accesso per Beddy
subject_ok: True
from_ok: True
BODY ESTRATTO:
Il tuo pin di accesso per Beddy
Gentile Ste San Felicissimo, questo è il pin da te richiesto per confermare l'accesso al tuo account di Beddy: 278490 Il tuo pin scadrà alle 15:20 support@beddy.io | +39 095 7167027 | app.beddy.io | Facebook | Youtube Copyright &copy; 2026 Beddy. All rights reserved
otp_code estratto: 278490
OTP recuperato automaticamente da Gmail: 278490
URL durante attesa login OTP: https://app.beddy.io/tableau?start=2026-05-09
Login completato e sessione aggiornata.
Pagina pronta. URL corrente: https://app.beddy.io/tableau?start=2026-05-09
URL finale reader: https://app.beddy.io/tableau?start=2026-05-09
TITOLO PAGINA: Tableau | Beddy
TARGET DATE ISO: 2026-05-09
TARGET DAY: 9
TARGET CHECK-IN RAW: 09 MAY 2026
HEADER TROVATI NEL TABLEAU:
2: MAGGIO 2026
3: GIUGNO 2026 Avanti
5: 9 SA
6: 10 DO
7: 11 LU
8: 12 MA
9: 13 ME
10: 14 GI
11: 15 VE
12: 16 SA
13: 17 DO
14: 18 LU
15: 19 MA
16: 20 ME
17: 21 GI
18: 22 VE
19: 23 SA
20: 24 DO
21: 25 LU
22: 26 MA
23: 27 ME
24: 28 GI
25: 29 VE
26: 30 SA
27: 31 DO
28: 1 LU
29: 2 MA
30: 3 ME
31: 4 GI
32: 5 VE
33: 6 SA
34: 7 DO
35: 8 LU
36: 9 MA
37: 10 ME
38: 11 GI
39: 12 VE
40: 13 SA
41: 14 DO
42: 15 LU
43: 16 MA
44: 17 ME
45: 18 GI
HEADER GIORNI TROVATI NEL TABLEAU:
1: 9 SA
2: 10 DO
3: 11 LU
4: 12 MA
5: 13 ME
6: 14 GI
7: 15 VE
8: 16 SA
9: 17 DO
10: 18 LU
11: 19 MA
12: 20 ME
13: 21 GI
14: 22 VE
15: 23 SA
16: 24 DO
17: 25 LU
18: 26 MA
19: 27 ME
20: 28 GI
21: 29 VE
22: 30 SA
23: 31 DO
24: 1 LU
25: 2 MA
26: 3 ME
27: 4 GI
28: 5 VE
29: 6 SA
30: 7 DO
31: 8 LU
32: 9 MA
33: 10 ME
34: 11 GI
35: 12 VE
36: 13 SA
37: 14 DO
38: 15 LU
39: 16 MA
40: 17 ME
41: 18 GI
HEADER TARGET TROVATO: index=0
BOX PRENOTAZIONE VISIBILI: 62
RANGE X GIORNO 9: 465 -> 501
BOX START DAY 9: index=1 name='KNESE LARS'
BOX START DAY 9: index=12 name='TONELLI ANDREA'
BOX START DAY 9: index=25 name='KURTH FLORIAN'
BOX START DAY 9: index=32 name='TAGLIALATELA MARIO'
BOX START DAY 9: index=56 name='ROUYER MATHIEU'
TOTALE BOX CHE INIZIANO IL GIORNO 9: 5

=== BOX 1/5 DEL GIORNO 9 ===
BOX TARGET: KNESE LARS (index=1)
BOOKING RACCOLTA: {'booking_id': '5391926460', 'guest_name': 'LARS KNESE', 'accommodation_type': 'Camera Matrimoniale con vista panoramica', 'room_number': '1', 'checkin_date': '06 MAG 2026', 'checkout_date': '14 MAG 2026', 'country_raw': 'ITALIA', 'booking_status_raw': 'Confermata', 'beddy_notes': ''}

=== BOX 2/5 DEL GIORNO 9 ===
BOX TARGET: TONELLI ANDREA (index=12)
BOOKING RACCOLTA: {'booking_id': '8026942', 'guest_name': 'ANDREA TONELLI', 'accommodation_type': 'Camera Matrimoniale con vista panoramica', 'room_number': '2', 'checkin_date': '08 MAG 2026', 'checkout_date': '10 MAG 2026', 'country_raw': 'ITALIA', 'booking_status_raw': 'Confermata', 'beddy_notes': ''}

=== BOX 3/5 DEL GIORNO 9 ===
BOX TARGET: KURTH FLORIAN (index=25)
BOOKING RACCOLTA: {'booking_id': '5068115622', 'guest_name': 'Florian Kurth', 'accommodation_type': 'Camera Matrimoniale con vista panoramica', 'room_number': '3', 'checkin_date': '09 MAG 2026', 'checkout_date': '18 MAG 2026', 'country_raw': 'GERMANIA', 'booking_status_raw': 'Confermata', 'beddy_notes': ''}

=== BOX 4/5 DEL GIORNO 9 ===
BOX TARGET: TAGLIALATELA MARIO (index=32)
BOOKING RACCOLTA: {'booking_id': '6855082455', 'guest_name': 'MARIO TAGLIALATELA', 'accommodation_type': 'Camera Matrimoniale con vista panoramica', 'room_number': '4', 'checkin_date': '08 MAG 2026', 'checkout_date': '10 MAG 2026', 'country_raw': 'ITALIA', 'booking_status_raw': 'Confermata', 'beddy_notes': ''}

=== BOX 5/5 DEL GIORNO 9 ===
BOX TARGET: ROUYER MATHIEU (index=56)
BOOKING RACCOLTA: {'booking_id': '8370084', 'guest_name': 'Mathieu Rouyer', 'accommodation_type': 'Appartamento Cipresso', 'room_number': '7', 'checkin_date': '08 MAG 2026', 'checkout_date': '10 MAG 2026', 'country_raw': 'FRANCIA', 'booking_status_raw': 'Confermata', 'beddy_notes': 'Culla'}
Sessione Beddy caricata correttamente.
Pagina pronta. URL corrente: https://app.beddy.io/tableau?start=2026-05-10
URL finale reader: https://app.beddy.io/tableau?start=2026-05-10
TITOLO PAGINA: Tableau | Beddy
TARGET DATE ISO: 2026-05-10
TARGET DAY: 10
TARGET CHECK-IN RAW: 10 MAY 2026
HEADER TROVATI NEL TABLEAU:
2: MAGGIO 2026
3: GIUGNO 2026 Avanti
5: 10 DO
6: 11 LU
7: 12 MA
8: 13 ME
9: 14 GI
10: 15 VE
11: 16 SA
12: 17 DO
13: 18 LU
14: 19 MA
15: 20 ME
16: 21 GI
17: 22 VE
18: 23 SA
19: 24 DO
20: 25 LU
21: 26 MA
22: 27 ME
23: 28 GI
24: 29 VE
25: 30 SA
26: 31 DO
27: 1 LU
28: 2 MA
29: 3 ME
30: 4 GI
31: 5 VE
32: 6 SA
33: 7 DO
34: 8 LU
35: 9 MA
36: 10 ME
37: 11 GI
38: 12 VE
39: 13 SA
40: 14 DO
41: 15 LU
42: 16 MA
43: 17 ME
44: 18 GI
45: 19 VE
HEADER GIORNI TROVATI NEL TABLEAU:
1: 10 DO
2: 11 LU
3: 12 MA
4: 13 ME
5: 14 GI
6: 15 VE
7: 16 SA
8: 17 DO
9: 18 LU
10: 19 MA
11: 20 ME
12: 21 GI
13: 22 VE
14: 23 SA
15: 24 DO
16: 25 LU
17: 26 MA
18: 27 ME
19: 28 GI
20: 29 VE
21: 30 SA
22: 31 DO
23: 1 LU
24: 2 MA
25: 3 ME
26: 4 GI
27: 5 VE
28: 6 SA
29: 7 DO
30: 8 LU
31: 9 MA
32: 10 ME
33: 11 GI
34: 12 VE
35: 13 SA
36: 14 DO
37: 15 LU
38: 16 MA
39: 17 ME
40: 18 GI
41: 19 VE
HEADER TARGET TROVATO: index=0
BOX PRENOTAZIONE VISIBILI: 60
RANGE X GIORNO 10: 465 -> 501
BOX START DAY 10: index=1 name='KNESE LARS'
BOX START DAY 10: index=24 name='KURTH FLORIAN'
TOTALE BOX CHE INIZIANO IL GIORNO 10: 2

=== BOX 1/2 DEL GIORNO 10 ===
BOX TARGET: KNESE LARS (index=1)
BOOKING RACCOLTA: {'booking_id': '5391926460', 'guest_name': 'LARS KNESE', 'accommodation_type': 'Camera Matrimoniale con vista panoramica', 'room_number': '1', 'checkin_date': '06 MAG 2026', 'checkout_date': '14 MAG 2026', 'country_raw': 'ITALIA', 'booking_status_raw': 'Confermata', 'beddy_notes': ''}

=== BOX 2/2 DEL GIORNO 10 ===
BOX TARGET: KURTH FLORIAN (index=24)
BOOKING RACCOLTA: {'booking_id': '5068115622', 'guest_name': 'Florian Kurth', 'accommodation_type': 'Camera Matrimoniale con vista panoramica', 'room_number': '3', 'checkin_date': '09 MAG 2026', 'checkout_date': '18 MAG 2026', 'country_raw': 'GERMANIA', 'booking_status_raw': 'Confermata', 'beddy_notes': ''}
daily.json aggiornato correttamente: /Users/ste111/AI_SYSTEMS/San_Felicissimo/Housekeeping_Hub/data/daily.json
=== GIT PUSH START ===
[main 322d518] auto daily snapshot 2026-05-09 15:01:58
 Committer: Ste <ste111@Macmini.station>
Your name and email address were configured automatically based
on your username and hostname. Please check that they are accurate.
You can suppress this message by setting them explicitly. Run the
following command and follow the instructions in your editor to edit
your configuration file:

    git config --global --edit

After doing this, you may fix the identity used for this commit with:

    git commit --amend --reset-author

 5 files changed, 291 insertions(+), 29 deletions(-)
To github.com:steai111/Housekeeping_Hub.git
   54f0657..322d518  main -> main
=== DONE ===
=== DAILY SNAPSHOT START ===
Sessione Beddy caricata correttamente.
Sessione non valida o assente. Avvio login Beddy con OTP email automatica.
Baseline inbox message id: 2450

--- NUOVA MAIL CANDIDATA ---
msg_id: 2451
from: beddy <no-reply@beddy.io>
subject: Il tuo pin di accesso per Beddy
subject_ok: True
from_ok: True
BODY ESTRATTO:
Il tuo pin di accesso per Beddy
Gentile Ste San Felicissimo, questo è il pin da te richiesto per confermare l'accesso al tuo account di Beddy: 132950 Il tuo pin scadrà alle 15:20 support@beddy.io | +39 095 7167027 | app.beddy.io | Facebook | Youtube Copyright &copy; 2026 Beddy. All rights reserved
otp_code estratto: 132950
OTP recuperato automaticamente da Gmail: 132950
URL durante attesa login OTP: https://app.beddy.io/login?redirect=https:%2F%2Fapp.beddy.io%2Ftableau%3Fstart%3D2026-05-10
URL durante attesa login OTP: https://app.beddy.io/login?redirect=https:%2F%2Fapp.beddy.io%2Ftableau%3Fstart%3D2026-05-10
URL durante attesa login OTP: https://app.beddy.io/login?redirect=https:%2F%2Fapp.beddy.io%2Ftableau%3Fstart%3D2026-05-10
URL durante attesa login OTP: https://app.beddy.io/login?redirect=https:%2F%2Fapp.beddy.io%2Ftableau%3Fstart%3D2026-05-10
URL durante attesa login OTP: https://app.beddy.io/login?redirect=https:%2F%2Fapp.beddy.io%2Ftableau%3Fstart%3D2026-05-10
URL durante attesa login OTP: https://app.beddy.io/login?redirect=https:%2F%2Fapp.beddy.io%2Ftableau%3Fstart%3D2026-05-10
URL durante attesa login OTP: https://app.beddy.io/login?redirect=https:%2F%2Fapp.beddy.io%2Ftableau%3Fstart%3D2026-05-10
URL durante attesa login OTP: https://app.beddy.io/login?redirect=https:%2F%2Fapp.beddy.io%2Ftableau%3Fstart%3D2026-05-10
URL durante attesa login OTP: https://app.beddy.io/tableau?start=2026-05-10
Login completato e sessione aggiornata.
Pagina pronta. URL corrente: https://app.beddy.io/tableau?start=2026-05-10
URL finale reader: https://app.beddy.io/tableau?start=2026-05-10
TITOLO PAGINA: Tableau | Beddy
TARGET DATE ISO: 2026-05-10
TARGET DAY: 10
TARGET CHECK-IN RAW: 10 MAY 2026
HEADER TROVATI NEL TABLEAU:
2: MAGGIO 2026
3: GIUGNO 2026 Avanti
5: 10 DO
6: 11 LU
7: 12 MA
8: 13 ME
9: 14 GI
10: 15 VE
11: 16 SA
12: 17 DO
13: 18 LU
14: 19 MA
15: 20 ME
16: 21 GI
17: 22 VE
18: 23 SA
19: 24 DO
20: 25 LU
21: 26 MA
22: 27 ME
23: 28 GI
24: 29 VE
25: 30 SA
26: 31 DO
27: 1 LU
28: 2 MA
29: 3 ME
30: 4 GI
31: 5 VE
32: 6 SA
33: 7 DO
34: 8 LU
35: 9 MA
36: 10 ME
37: 11 GI
38: 12 VE
39: 13 SA
40: 14 DO
41: 15 LU
42: 16 MA
43: 17 ME
44: 18 GI
45: 19 VE
HEADER GIORNI TROVATI NEL TABLEAU:
1: 10 DO
2: 11 LU
3: 12 MA
4: 13 ME
5: 14 GI
6: 15 VE
7: 16 SA
8: 17 DO
9: 18 LU
10: 19 MA
11: 20 ME
12: 21 GI
13: 22 VE
14: 23 SA
15: 24 DO
16: 25 LU
17: 26 MA
18: 27 ME
19: 28 GI
20: 29 VE
21: 30 SA
22: 31 DO
23: 1 LU
24: 2 MA
25: 3 ME
26: 4 GI
27: 5 VE
28: 6 SA
29: 7 DO
30: 8 LU
31: 9 MA
32: 10 ME
33: 11 GI
34: 12 VE
35: 13 SA
36: 14 DO
37: 15 LU
38: 16 MA
39: 17 ME
40: 18 GI
41: 19 VE
HEADER TARGET TROVATO: index=0
BOX PRENOTAZIONE VISIBILI: 60
RANGE X GIORNO 10: 465 -> 501
BOX START DAY 10: index=1 name='KNESE LARS'
BOX START DAY 10: index=24 name='KURTH FLORIAN'
TOTALE BOX CHE INIZIANO IL GIORNO 10: 2

=== BOX 1/2 DEL GIORNO 10 ===
BOX TARGET: KNESE LARS (index=1)
WARNING: impossibile leggere Appunti sulla prenotazione -> Locator.wait_for: Timeout 3000ms exceeded.
Call log:
  - waiting for locator("div.title-row").filter(has_text="Appunti sulla prenotazione").first to be visible

WARNING: provenienza mancante nella pagina prenotazione
BOOKING_ID: 
GUEST_NAME: 
ORIGIN_LABEL_RAW: ''
ORIGIN_COUNTRY_RAW: ''
PAGE_URL: https://app.beddy.io/
WARNING: telefono mancante nella pagina prenotazione
BOOKING_ID: 
GUEST_NAME: 
PAGE_URL: https://app.beddy.io/
SALTATO: booking_id vuoto

=== BOX 2/2 DEL GIORNO 10 ===
BOX TARGET: KURTH FLORIAN (index=24)
BOOKING RACCOLTA: {'booking_id': '5068115622', 'guest_name': 'FLORIAN KURTH', 'accommodation_type': 'Camera Matrimoniale con vista panoramica', 'room_number': '3', 'checkin_date': '09 MAG 2026', 'checkout_date': '18 MAG 2026', 'country_raw': 'GERMANIA', 'booking_status_raw': 'Confermata', 'beddy_notes': ''}
Sessione Beddy caricata correttamente.
Pagina pronta. URL corrente: https://app.beddy.io/tableau?start=2026-05-11
URL finale reader: https://app.beddy.io/tableau?start=2026-05-11
TITOLO PAGINA: Tableau | Beddy
TARGET DATE ISO: 2026-05-11
TARGET DAY: 11
TARGET CHECK-IN RAW: 11 MAY 2026
HEADER TROVATI NEL TABLEAU:
2: MAGGIO 2026
3: GIUGNO 2026 Avanti
5: 11 LU
6: 12 MA
7: 13 ME
8: 14 GI
9: 15 VE
10: 16 SA
11: 17 DO
12: 18 LU
13: 19 MA
14: 20 ME
15: 21 GI
16: 22 VE
17: 23 SA
18: 24 DO
19: 25 LU
20: 26 MA
21: 27 ME
22: 28 GI
23: 29 VE
24: 30 SA
25: 31 DO
26: 1 LU
27: 2 MA
28: 3 ME
29: 4 GI
30: 5 VE
31: 6 SA
32: 7 DO
33: 8 LU
34: 9 MA
35: 10 ME
36: 11 GI
37: 12 VE
38: 13 SA
39: 14 DO
40: 15 LU
41: 16 MA
42: 17 ME
43: 18 GI
44: 19 VE
45: 20 SA
HEADER GIORNI TROVATI NEL TABLEAU:
1: 11 LU
2: 12 MA
3: 13 ME
4: 14 GI
5: 15 VE
6: 16 SA
7: 17 DO
8: 18 LU
9: 19 MA
10: 20 ME
11: 21 GI
12: 22 VE
13: 23 SA
14: 24 DO
15: 25 LU
16: 26 MA
17: 27 ME
18: 28 GI
19: 29 VE
20: 30 SA
21: 31 DO
22: 1 LU
23: 2 MA
24: 3 ME
25: 4 GI
26: 5 VE
27: 6 SA
28: 7 DO
29: 8 LU
30: 9 MA
31: 10 ME
32: 11 GI
33: 12 VE
34: 13 SA
35: 14 DO
36: 15 LU
37: 16 MA
38: 17 ME
39: 18 GI
40: 19 VE
41: 20 SA
HEADER TARGET TROVATO: index=0
BOX PRENOTAZIONE VISIBILI: 62
RANGE X GIORNO 11: 465 -> 501
BOX START DAY 11: index=1 name='KNESE LARS'
BOX START DAY 11: index=12 name='PALMA GIUSEPPE'
BOX START DAY 11: index=25 name='KURTH FLORIAN'
BOX START DAY 11: index=33 name='ZACCARIA PIETRO'
BOX START DAY 11: index=42 name='JOICH MARIA'
TOTALE BOX CHE INIZIANO IL GIORNO 11: 5

=== BOX 1/5 DEL GIORNO 11 ===
BOX TARGET: KNESE LARS (index=1)
BOOKING RACCOLTA: {'booking_id': '5391926460', 'guest_name': 'LARS KNESE', 'accommodation_type': 'Camera Matrimoniale con vista panoramica', 'room_number': '1', 'checkin_date': '06 MAG 2026', 'checkout_date': '14 MAG 2026', 'country_raw': 'ITALIA', 'booking_status_raw': 'Confermata', 'beddy_notes': ''}

=== BOX 2/5 DEL GIORNO 11 ===
BOX TARGET: PALMA GIUSEPPE (index=12)
BOOKING RACCOLTA: {'booking_id': '6401131347', 'guest_name': 'Giuseppe Palma', 'accommodation_type': 'Camera Matrimoniale con vista panoramica', 'room_number': '2', 'checkin_date': '11 MAG 2026', 'checkout_date': '13 MAG 2026', 'country_raw': 'ITALIA', 'booking_status_raw': 'Confermata', 'beddy_notes': ''}

=== BOX 3/5 DEL GIORNO 11 ===
BOX TARGET: KURTH FLORIAN (index=25)
BOOKING RACCOLTA: {'booking_id': '5068115622', 'guest_name': 'FLORIAN KURTH', 'accommodation_type': 'Camera Matrimoniale con vista panoramica', 'room_number': '3', 'checkin_date': '09 MAG 2026', 'checkout_date': '18 MAG 2026', 'country_raw': 'GERMANIA', 'booking_status_raw': 'Confermata', 'beddy_notes': ''}

=== BOX 4/5 DEL GIORNO 11 ===
BOX TARGET: ZACCARIA PIETRO (index=33)
BOOKING RACCOLTA: {'booking_id': '5160258777', 'guest_name': 'Pietro Zaccaria', 'accommodation_type': 'Camera Matrimoniale con vista panoramica', 'room_number': '4', 'checkin_date': '11 MAG 2026', 'checkout_date': '13 MAG 2026', 'country_raw': 'ITALIA', 'booking_status_raw': 'Confermata', 'beddy_notes': ''}

=== BOX 5/5 DEL GIORNO 11 ===
BOX TARGET: JOICH MARIA (index=42)
WARNING: provenienza mancante nella pagina prenotazione
BOOKING_ID: 8545080
GUEST_NAME: Maria Joich
ORIGIN_LABEL_RAW: ''
ORIGIN_COUNTRY_RAW: ''
PAGE_URL: https://app.beddy.io/reservation/8545080?roomReservationId=85450802caad973ca88e2ce652f74ac28abf434
WARNING: telefono mancante nella pagina prenotazione
BOOKING_ID: 8545080
GUEST_NAME: Maria Joich
PAGE_URL: https://app.beddy.io/reservation/8545080?roomReservationId=85450802caad973ca88e2ce652f74ac28abf434
BOOKING RACCOLTA: {'booking_id': '8545080', 'guest_name': 'Maria Joich', 'accommodation_type': 'Appartamento Vite', 'room_number': '5', 'checkin_date': '11 MAG 2026', 'checkout_date': '13 MAG 2026', 'country_raw': '', 'booking_status_raw': 'Confermata', 'beddy_notes': 'Camera x2'}
daily.json aggiornato correttamente: /Users/ste111/AI_SYSTEMS/San_Felicissimo/Housekeeping_Hub/data/daily.json
=== GIT PUSH START ===
[main 4077f87] auto daily snapshot 2026-05-10 15:02:08
 Committer: Ste <ste111@Macmini.station>
Your name and email address were configured automatically based
on your username and hostname. Please check that they are accurate.
You can suppress this message by setting them explicitly. Run the
following command and follow the instructions in your editor to edit
your configuration file:

    git config --global --edit

After doing this, you may fix the identity used for this commit with:

    git commit --amend --reset-author

 4 files changed, 315 insertions(+), 17 deletions(-)
To github.com:steai111/Housekeeping_Hub.git
   322d518..4077f87  main -> main
=== DONE ===
